2024-11-09T13:33:10.317+03:00  INFO 2616 --- [MIndMentor] [Test worker] c.e.m.MIndMentorApplicationTests         : Starting MIndMentorApplicationTests using Java 17.0.10 with PID 2616 (started by user in C:\Users\user\IdeaProjects\MindMentor)
2024-11-09T13:33:10.322+03:00  INFO 2616 --- [MIndMentor] [Test worker] c.e.m.MIndMentorApplicationTests         : No active profile set, falling back to 1 default profile: "default"
2024-11-09T13:33:10.422+03:00 DEBUG 2616 --- [MIndMentor] [Test worker] o.s.w.c.s.GenericWebApplicationContext   : Refreshing org.springframework.web.context.support.GenericWebApplicationContext@630d1b2f
2024-11-09T13:33:18.903+03:00  INFO 2616 --- [MIndMentor] [Test worker] o.f.c.i.s.classpath.ClassPathScanner     : Flyway OSS Edition 10.4.0 by Redgate
2024-11-09T13:33:18.904+03:00  INFO 2616 --- [MIndMentor] [Test worker] o.f.c.i.s.classpath.ClassPathScanner     : 
2024-11-09T13:33:18.905+03:00  INFO 2616 --- [MIndMentor] [Test worker] o.f.c.i.s.classpath.ClassPathScanner     : See release notes here: https://rd.gt/416ObMi
2024-11-09T13:33:18.956+03:00  INFO 2616 --- [MIndMentor] [Test worker] com.zaxxer.hikari.HikariDataSource       : HikariPool-1 - Starting...
2024-11-09T13:33:19.949+03:00  INFO 2616 --- [MIndMentor] [Test worker] com.zaxxer.hikari.pool.HikariPool        : HikariPool-1 - Added connection org.postgresql.jdbc.PgConnection@30d5e37c
2024-11-09T13:33:19.957+03:00  INFO 2616 --- [MIndMentor] [Test worker] com.zaxxer.hikari.HikariDataSource       : HikariPool-1 - Start completed.
2024-11-09T13:33:20.123+03:00  INFO 2616 --- [MIndMentor] [Test worker] org.flywaydb.core.FlywayExecutor         : Database: jdbc:postgresql://localhost:5432/telegramBot (PostgreSQL 16.2)
2024-11-09T13:33:20.332+03:00  INFO 2616 --- [MIndMentor] [Test worker] o.f.core.internal.command.DbValidate     : Successfully validated 1 migration (execution time 00:00.139s)
2024-11-09T13:33:20.485+03:00  INFO 2616 --- [MIndMentor] [Test worker] o.f.core.internal.command.DbMigrate      : Current version of schema "public": 1
2024-11-09T13:33:20.486+03:00 ERROR 2616 --- [MIndMentor] [Test worker] o.f.core.internal.command.DbMigrate      : Schema "public" has version 1, but no migration could be resolved in the configured locations !
2024-11-09T13:33:20.498+03:00  INFO 2616 --- [MIndMentor] [Test worker] o.f.core.internal.command.DbMigrate      : Schema "public" is up to date. No migration necessary.
2024-11-09T13:33:27.110+03:00 DEBUG 2616 --- [MIndMentor] [Test worker] s.w.s.m.m.a.RequestMappingHandlerMapping : 6 mappings in 'requestMappingHandlerMapping'
2024-11-09T13:33:27.485+03:00 DEBUG 2616 --- [MIndMentor] [Test worker] o.s.w.s.handler.SimpleUrlHandlerMapping  : Patterns [/webjars/**, /**, /swagger-ui*/*swagger-initializer.js, /swagger-ui*/**] in 'resourceHandlerMapping'
2024-11-09T13:33:27.604+03:00  INFO 2616 --- [MIndMentor] [Test worker] o.s.s.web.DefaultSecurityFilterChain     : Will secure any request with [org.springframework.security.web.session.DisableEncodeUrlFilter@fefb66c, org.springframework.security.web.context.request.async.WebAsyncManagerIntegrationFilter@6d7556a8, org.springframework.security.web.context.SecurityContextHolderFilter@114badf0, org.springframework.security.web.header.HeaderWriterFilter@1df9f7c6, org.springframework.web.filter.CorsFilter@48860139, org.springframework.security.web.authentication.logout.LogoutFilter@4f2b1e9f, config.com.mindmentor.JwtAuthenticationFilter@7e0883f3, org.springframework.security.web.savedrequest.RequestCacheAwareFilter@6d7bb5cc, org.springframework.security.web.servletapi.SecurityContextHolderAwareRequestFilter@756200d1, org.springframework.security.web.authentication.AnonymousAuthenticationFilter@ca60688, org.springframework.security.web.session.SessionManagementFilter@4af84a76, org.springframework.security.web.access.ExceptionTranslationFilter@51297528, org.springframework.security.web.access.intercept.AuthorizationFilter@4a3509b0]
2024-11-09T13:33:28.467+03:00 DEBUG 2616 --- [MIndMentor] [Test worker] s.w.s.m.m.a.RequestMappingHandlerAdapter : ControllerAdvice beans: 0 @ModelAttribute, 0 @InitBinder, 1 RequestBodyAdvice, 1 ResponseBodyAdvice
2024-11-09T13:33:28.598+03:00 DEBUG 2616 --- [MIndMentor] [Test worker] .m.m.a.ExceptionHandlerExceptionResolver : ControllerAdvice beans: 1 @ExceptionHandler, 1 ResponseBodyAdvice
2024-11-09T13:33:29.607+03:00  INFO 2616 --- [MIndMentor] [Test worker] c.e.m.MIndMentorApplicationTests         : Started MIndMentorApplicationTests in 20.185 seconds (process running for 25.513)
2024-11-09T13:33:35.547+03:00 DEBUG 2616 --- [MIndMentor] [SpringApplicationShutdownHook] o.s.w.c.s.GenericWebApplicationContext   : Closing org.springframework.web.context.support.GenericWebApplicationContext@630d1b2f, started on Sat Nov 09 13:33:10 MSK 2024
2024-11-09T13:33:35.628+03:00  INFO 2616 --- [MIndMentor] [SpringApplicationShutdownHook] com.zaxxer.hikari.HikariDataSource       : HikariPool-1 - Shutdown initiated...
2024-11-09T13:33:35.646+03:00  INFO 2616 --- [MIndMentor] [SpringApplicationShutdownHook] com.zaxxer.hikari.HikariDataSource       : HikariPool-1 - Shutdown completed.
2024-11-09T13:36:06.570+03:00  INFO 26396 --- [MIndMentor] [main] c.e.mindmentor.MindMentorApplication     : Starting MindMentorApplication using Java 17.0.10 with PID 26396 (C:\Users\user\IdeaProjects\MindMentor\build\classes\java\main started by user in C:\Users\user\IdeaProjects\MindMentor)
2024-11-09T13:36:06.577+03:00  INFO 26396 --- [MIndMentor] [main] c.e.mindmentor.MindMentorApplication     : No active profile set, falling back to 1 default profile: "default"
2024-11-09T13:36:12.723+03:00  INFO 26396 --- [MIndMentor] [main] o.s.b.w.embedded.tomcat.TomcatWebServer  : Tomcat initialized with port 8080 (http)
2024-11-09T13:36:12.757+03:00  INFO 26396 --- [MIndMentor] [main] o.apache.catalina.core.StandardService   : Starting service [Tomcat]
2024-11-09T13:36:12.758+03:00  INFO 26396 --- [MIndMentor] [main] o.apache.catalina.core.StandardEngine    : Starting Servlet engine: [Apache Tomcat/10.1.16]
2024-11-09T13:36:13.056+03:00  INFO 26396 --- [MIndMentor] [main] o.a.c.c.C.[Tomcat].[localhost].[/]       : Initializing Spring embedded WebApplicationContext
2024-11-09T13:36:13.058+03:00  INFO 26396 --- [MIndMentor] [main] w.s.c.ServletWebServerApplicationContext : Root WebApplicationContext: initialization completed in 6317 ms
2024-11-09T13:36:13.965+03:00  INFO 26396 --- [MIndMentor] [main] o.f.c.i.s.classpath.ClassPathScanner     : Flyway OSS Edition 10.4.0 by Redgate
2024-11-09T13:36:13.965+03:00  INFO 26396 --- [MIndMentor] [main] o.f.c.i.s.classpath.ClassPathScanner     : 
2024-11-09T13:36:13.965+03:00  INFO 26396 --- [MIndMentor] [main] o.f.c.i.s.classpath.ClassPathScanner     : See release notes here: https://rd.gt/416ObMi
2024-11-09T13:36:14.012+03:00  INFO 26396 --- [MIndMentor] [main] com.zaxxer.hikari.HikariDataSource       : HikariPool-1 - Starting...
2024-11-09T13:36:14.566+03:00  INFO 26396 --- [MIndMentor] [main] com.zaxxer.hikari.pool.HikariPool        : HikariPool-1 - Added connection org.postgresql.jdbc.PgConnection@1b46392c
2024-11-09T13:36:14.572+03:00  INFO 26396 --- [MIndMentor] [main] com.zaxxer.hikari.HikariDataSource       : HikariPool-1 - Start completed.
2024-11-09T13:36:14.652+03:00  INFO 26396 --- [MIndMentor] [main] org.flywaydb.core.FlywayExecutor         : Database: jdbc:postgresql://localhost:5432/telegramBot (PostgreSQL 16.2)
2024-11-09T13:36:14.765+03:00  INFO 26396 --- [MIndMentor] [main] o.f.core.internal.command.DbValidate     : Successfully validated 1 migration (execution time 00:00.069s)
2024-11-09T13:36:14.788+03:00  INFO 26396 --- [MIndMentor] [main] o.f.core.internal.command.DbMigrate      : Current version of schema "public": 1
2024-11-09T13:36:14.797+03:00  INFO 26396 --- [MIndMentor] [main] o.f.core.internal.command.DbMigrate      : Schema "public" is up to date. No migration necessary.
2024-11-09T13:36:16.294+03:00 DEBUG 26396 --- [MIndMentor] [main] o.springframework.web.filter.CorsFilter  : Filter 'corsFilter' configured for use
2024-11-09T13:36:17.317+03:00 DEBUG 26396 --- [MIndMentor] [main] s.w.s.m.m.a.RequestMappingHandlerMapping : 6 mappings in 'requestMappingHandlerMapping'
2024-11-09T13:36:17.485+03:00 DEBUG 26396 --- [MIndMentor] [main] o.s.w.s.handler.SimpleUrlHandlerMapping  : Patterns [/webjars/**, /**, /swagger-ui*/*swagger-initializer.js, /swagger-ui*/**] in 'resourceHandlerMapping'
2024-11-09T13:36:17.567+03:00  INFO 26396 --- [MIndMentor] [main] o.s.s.web.DefaultSecurityFilterChain     : Will secure any request with [org.springframework.security.web.session.DisableEncodeUrlFilter@48692405, org.springframework.security.web.context.request.async.WebAsyncManagerIntegrationFilter@151659dd, org.springframework.security.web.context.SecurityContextHolderFilter@39e7e040, org.springframework.security.web.header.HeaderWriterFilter@6124dda2, org.springframework.web.filter.CorsFilter@60ed0b9d, org.springframework.security.web.authentication.logout.LogoutFilter@4f8900b0, config.com.mindmentor.JwtAuthenticationFilter@54bb1194, org.springframework.security.web.savedrequest.RequestCacheAwareFilter@6c1f15df, org.springframework.security.web.servletapi.SecurityContextHolderAwareRequestFilter@5e95b0ab, org.springframework.security.web.authentication.AnonymousAuthenticationFilter@4a58e0e9, org.springframework.security.web.session.SessionManagementFilter@8d29719, org.springframework.security.web.access.ExceptionTranslationFilter@3c87e851, org.springframework.security.web.access.intercept.AuthorizationFilter@4f525e13]
2024-11-09T13:36:17.801+03:00 DEBUG 26396 --- [MIndMentor] [main] s.w.s.m.m.a.RequestMappingHandlerAdapter : ControllerAdvice beans: 0 @ModelAttribute, 0 @InitBinder, 1 RequestBodyAdvice, 1 ResponseBodyAdvice
2024-11-09T13:36:17.888+03:00 DEBUG 26396 --- [MIndMentor] [main] .m.m.a.ExceptionHandlerExceptionResolver : ControllerAdvice beans: 1 @ExceptionHandler, 1 ResponseBodyAdvice
2024-11-09T13:36:18.548+03:00  INFO 26396 --- [MIndMentor] [main] o.s.b.w.embedded.tomcat.TomcatWebServer  : Tomcat started on port 8080 (http) with context path ''
2024-11-09T13:36:18.566+03:00  INFO 26396 --- [MIndMentor] [main] c.e.mindmentor.MindMentorApplication     : Started MindMentorApplication in 13.847 seconds (process running for 15.871)
2024-11-09T13:40:08.980+03:00  INFO 26396 --- [MIndMentor] [SpringApplicationShutdownHook] com.zaxxer.hikari.HikariDataSource       : HikariPool-1 - Shutdown initiated...
2024-11-09T13:40:09.008+03:00  INFO 26396 --- [MIndMentor] [SpringApplicationShutdownHook] com.zaxxer.hikari.HikariDataSource       : HikariPool-1 - Shutdown completed.
